cl : Ligne de commande warning D9035: l'option 'Gm' est déconseillée et sera supprimée dans une version ultérieure
  stb_image_aug.c
c:\dev\opengl\testopengl\testopengl\dependencies\soil\src\stb_image_aug.c(177): warning C4996: 'fopen': This function or variable may be unsafe. Consider using fopen_s instead. To disable deprecation, use _CRT_SECURE_NO_WARNINGS. See online help for details.
  c:\program files (x86)\windows kits\10\include\10.0.17763.0\ucrt\stdio.h(208): note: voir la déclaration de 'fopen'
c:\dev\opengl\testopengl\testopengl\dependencies\soil\src\stb_image_aug.c(251): warning C4996: 'fopen': This function or variable may be unsafe. Consider using fopen_s instead. To disable deprecation, use _CRT_SECURE_NO_WARNINGS. See online help for details.
  c:\program files (x86)\windows kits\10\include\10.0.17763.0\ucrt\stdio.h(208): note: voir la déclaration de 'fopen'
c:\dev\opengl\testopengl\testopengl\dependencies\soil\src\stb_image_aug.c(303): warning C4996: 'fopen': This function or variable may be unsafe. Consider using fopen_s instead. To disable deprecation, use _CRT_SECURE_NO_WARNINGS. See online help for details.
  c:\program files (x86)\windows kits\10\include\10.0.17763.0\ucrt\stdio.h(208): note: voir la déclaration de 'fopen'
c:\dev\opengl\testopengl\testopengl\dependencies\soil\src\stb_image_aug.c(1557): warning C4996: 'fopen': This function or variable may be unsafe. Consider using fopen_s instead. To disable deprecation, use _CRT_SECURE_NO_WARNINGS. See online help for details.
  c:\program files (x86)\windows kits\10\include\10.0.17763.0\ucrt\stdio.h(208): note: voir la déclaration de 'fopen'
c:\dev\opengl\testopengl\testopengl\dependencies\soil\src\stb_image_aug.c(2394): warning C4996: 'fopen': This function or variable may be unsafe. Consider using fopen_s instead. To disable deprecation, use _CRT_SECURE_NO_WARNINGS. See online help for details.
  c:\program files (x86)\windows kits\10\include\10.0.17763.0\ucrt\stdio.h(208): note: voir la déclaration de 'fopen'
c:\dev\opengl\testopengl\testopengl\dependencies\soil\src\stb_image_aug.c(2709): warning C4996: 'fopen': This function or variable may be unsafe. Consider using fopen_s instead. To disable deprecation, use _CRT_SECURE_NO_WARNINGS. See online help for details.
  c:\program files (x86)\windows kits\10\include\10.0.17763.0\ucrt\stdio.h(208): note: voir la déclaration de 'fopen'
c:\dev\opengl\testopengl\testopengl\dependencies\soil\src\stb_image_aug.c(2995): warning C4996: 'fopen': This function or variable may be unsafe. Consider using fopen_s instead. To disable deprecation, use _CRT_SECURE_NO_WARNINGS. See online help for details.
  c:\program files (x86)\windows kits\10\include\10.0.17763.0\ucrt\stdio.h(208): note: voir la déclaration de 'fopen'
c:\dev\opengl\testopengl\testopengl\dependencies\soil\src\stb_image_aug.c(3209): warning C4996: 'fopen': This function or variable may be unsafe. Consider using fopen_s instead. To disable deprecation, use _CRT_SECURE_NO_WARNINGS. See online help for details.
  c:\program files (x86)\windows kits\10\include\10.0.17763.0\ucrt\stdio.h(208): note: voir la déclaration de 'fopen'
c:\dev\opengl\testopengl\testopengl\dependencies\soil\src\stb_image_aug.c(3548): warning C4996: 'fopen': This function or variable may be unsafe. Consider using fopen_s instead. To disable deprecation, use _CRT_SECURE_NO_WARNINGS. See online help for details.
  c:\program files (x86)\windows kits\10\include\10.0.17763.0\ucrt\stdio.h(208): note: voir la déclaration de 'fopen'
c:\dev\opengl\testopengl\testopengl\dependencies\soil\src\stb_image_aug.c(3644): warning C4996: 'fopen': This function or variable may be unsafe. Consider using fopen_s instead. To disable deprecation, use _CRT_SECURE_NO_WARNINGS. See online help for details.
  c:\program files (x86)\windows kits\10\include\10.0.17763.0\ucrt\stdio.h(208): note: voir la déclaration de 'fopen'
c:\dev\opengl\testopengl\testopengl\dependencies\soil\src\stbi_dds_aug_c.h(362): warning C4018: '>' : incompatibilité signed/unsigned
c:\dev\opengl\testopengl\testopengl\dependencies\soil\src\stbi_dds_aug_c.h(366): warning C4018: '>' : incompatibilité signed/unsigned
c:\dev\opengl\testopengl\testopengl\dependencies\soil\src\stbi_dds_aug_c.h(390): warning C4018: '<' : incompatibilité signed/unsigned
c:\dev\opengl\testopengl\testopengl\dependencies\soil\src\stbi_dds_aug_c.h(427): warning C4018: '<' : incompatibilité signed/unsigned
c:\dev\opengl\testopengl\testopengl\dependencies\soil\src\stbi_dds_aug_c.h(498): warning C4996: 'fopen': This function or variable may be unsafe. Consider using fopen_s instead. To disable deprecation, use _CRT_SECURE_NO_WARNINGS. See online help for details.
  c:\program files (x86)\windows kits\10\include\10.0.17763.0\ucrt\stdio.h(208): note: voir la déclaration de 'fopen'
  SOIL.c
c:\dev\opengl\testopengl\testopengl\dependencies\soil\src\soil.c(1719): warning C4018: '<=' : incompatibilité signed/unsigned
c:\dev\opengl\testopengl\testopengl\dependencies\soil\src\soil.c(1729): warning C4018: '<' : incompatibilité signed/unsigned
c:\dev\opengl\testopengl\testopengl\dependencies\soil\src\soil.c(1867): warning C4267: 'fonction' : conversion de 'size_t' en 'int', perte possible de données
c:\dev\opengl\testopengl\testopengl\dependencies\soil\src\soil.c(1841): warning C4996: 'fopen': This function or variable may be unsafe. Consider using fopen_s instead. To disable deprecation, use _CRT_SECURE_NO_WARNINGS. See online help for details.
  c:\program files (x86)\windows kits\10\include\10.0.17763.0\ucrt\stdio.h(208): note: voir la déclaration de 'fopen'
  image_helper.c
c:\dev\opengl\testopengl\testopengl\dependencies\soil\src\image_helper.c(325): warning C4244: 'initialisation' : conversion de 'double' en 'float', perte possible de données
c:\dev\opengl\testopengl\testopengl\dependencies\soil\src\image_helper.c(366): warning C4244: '=' : conversion de 'double' en 'float', perte possible de données
c:\dev\opengl\testopengl\testopengl\dependencies\soil\src\image_helper.c(373): warning C4244: '=' : conversion de 'float' en 'int', perte possible de données
c:\dev\opengl\testopengl\testopengl\dependencies\soil\src\image_helper.c(415): warning C4244: '=' : conversion de 'double' en 'float', perte possible de données
c:\dev\opengl\testopengl\testopengl\dependencies\soil\src\image_helper.c(422): warning C4244: '=' : conversion de 'float' en 'int', perte possible de données
  image_DXT.c
c:\dev\opengl\testopengl\testopengl\dependencies\soil\src\image_dxt.c(92): warning C4996: 'fopen': This function or variable may be unsafe. Consider using fopen_s instead. To disable deprecation, use _CRT_SECURE_NO_WARNINGS. See online help for details.
  c:\program files (x86)\windows kits\10\include\10.0.17763.0\ucrt\stdio.h(208): note: voir la déclaration de 'fopen'
  Génération de code en cours...
  SOIL.vcxproj -> C:\dev\OpenGL\TestOpenGL\TestOpenGL\Dependencies\SOIL\projects\VC9\x64\Debug\SOIL.lib
